<?xml version="1.0" encoding="UTF-8"?>
<!-- Generated by org.testng.reporters.JUnitReportReporter -->
<testsuite hostname="Anjali-Paswan" failures="0" tests="2" name="qa.ClientRegistration" time="41.871" errors="0" timestamp="2022-11-30T01:07:14 IST" skipped="0">
  <testcase classname="qa.ClientRegistration" name="clientFormMandateField" time="17.826"/>
  <system-out/>
  <testcase classname="qa.ClientRegistration" name="clientFormMandateFieldWithValidInput" time="24.045"/>
  <system-out/>
</testsuite> <!-- qa.ClientRegistration -->
