<?xml version="1.0" encoding="UTF-8"?>
<!-- Generated by org.testng.reporters.JUnitReportReporter -->
<testsuite hostname="Anjali-Paswan" failures="0" tests="1" name="qa.MasterLoginTest" time="37.429" errors="0" timestamp="2022-11-30T02:24:16 IST" skipped="0">
  <testcase classname="qa.MasterLoginTest" name="ValidCred" time="37.429"/>
  <system-out/>
</testsuite> <!-- qa.MasterLoginTest -->
